{"/home/fernanda/github/mobile-weather-app/weather-app/src/components/atoms/Icon/index.tsx": {"path":"/home/fernanda/github/mobile-weather-app/weather-app/src/components/atoms/Icon/index.tsx","statementMap":{"0":{"start":{"line":1,"column":0},"end":{"line":1,"column":26}},"1":{"start":{"line":3,"column":0},"end":{"line":3,"column":78}},"2":{"start":{"line":5,"column":0},"end":{"line":5,"column":35}},"3":{"start":{"line":16,"column":4},"end":{"line":25,"column":null}},"4":{"start":{"line":14,"column":0},"end":{"line":14,"column":16}}},"fnMap":{"0":{"name":"Icon","decl":{"start":{"line":14,"column":16},"end":{"line":14,"column":20}},"loc":{"start":{"line":14,"column":101},"end":{"line":26,"column":1}}}},"branchMap":{"0":{"loc":{"start":{"line":14,"column":22},"end":{"line":14,"column":46}},"type":"default-arg","locations":[{"start":{"line":14,"column":28},"end":{"line":14,"column":46}}]},"1":{"loc":{"start":{"line":14,"column":47},"end":{"line":14,"column":54}},"type":"default-arg","locations":[{"start":{"line":14,"column":52},"end":{"line":14,"column":54}}]},"2":{"loc":{"start":{"line":14,"column":62},"end":{"line":14,"column":76}},"type":"default-arg","locations":[{"start":{"line":14,"column":67},"end":{"line":14,"column":76}}]}},"s":{"0":1,"1":1,"2":1,"3":4,"4":1},"f":{"0":4},"b":{"0":[4],"1":[2],"2":[4]}}
,"/home/fernanda/github/mobile-weather-app/weather-app/src/components/atoms/Icon/styles.ts": {"path":"/home/fernanda/github/mobile-weather-app/weather-app/src/components/atoms/Icon/styles.ts","statementMap":{"0":{"start":{"line":1,"column":0},"end":{"line":1,"column":48}},"1":{"start":{"line":2,"column":0},"end":{"line":2,"column":46}},"2":{"start":{"line":3,"column":0},"end":{"line":3,"column":50}},"3":{"start":{"line":13,"column":13},"end":{"line":18,"column":null}},"4":{"start":{"line":20,"column":13},"end":{"line":23,"column":null}},"5":{"start":{"line":20,"column":91},"end":{"line":23,"column":2}}},"fnMap":{"0":{"name":"(anonymous_1)","decl":{"start":{"line":20,"column":64},"end":{"line":20,"column":65}},"loc":{"start":{"line":20,"column":91},"end":{"line":23,"column":2}}}},"branchMap":{},"s":{"0":1,"1":1,"2":1,"3":1,"4":1,"5":4},"f":{"0":4},"b":{}}
,"/home/fernanda/github/mobile-weather-app/weather-app/src/components/atoms/Input/index.tsx": {"path":"/home/fernanda/github/mobile-weather-app/weather-app/src/components/atoms/Input/index.tsx","statementMap":{"0":{"start":{"line":1,"column":0},"end":{"line":1,"column":26}},"1":{"start":{"line":3,"column":0},"end":{"line":3,"column":51}},"2":{"start":{"line":4,"column":0},"end":{"line":4,"column":37}},"3":{"start":{"line":11,"column":23},"end":{"line":11,"column":33}},"4":{"start":{"line":13,"column":4},"end":{"line":19,"column":6}},"5":{"start":{"line":10,"column":0},"end":{"line":10,"column":16}}},"fnMap":{"0":{"name":"Input","decl":{"start":{"line":10,"column":16},"end":{"line":10,"column":21}},"loc":{"start":{"line":10,"column":48},"end":{"line":20,"column":1}}}},"branchMap":{},"s":{"0":1,"1":1,"2":1,"3":1,"4":1,"5":1},"f":{"0":1},"b":{}}
,"/home/fernanda/github/mobile-weather-app/weather-app/src/components/atoms/Input/styles.ts": {"path":"/home/fernanda/github/mobile-weather-app/weather-app/src/components/atoms/Input/styles.ts","statementMap":{"0":{"start":{"line":1,"column":0},"end":{"line":1,"column":53}},"1":{"start":{"line":2,"column":0},"end":{"line":2,"column":40}},"2":{"start":{"line":4,"column":13},"end":{"line":17,"column":2}},"3":{"start":{"line":8,"column":19},"end":{"line":13,"column":null}}},"fnMap":{"0":{"name":"(anonymous_6)","decl":{"start":{"line":8,"column":6},"end":{"line":8,"column":7}},"loc":{"start":{"line":8,"column":19},"end":{"line":13,"column":null}}}},"branchMap":{},"s":{"0":1,"1":1,"2":1,"3":1},"f":{"0":1},"b":{}}
,"/home/fernanda/github/mobile-weather-app/weather-app/src/components/atoms/Text/index.tsx": {"path":"/home/fernanda/github/mobile-weather-app/weather-app/src/components/atoms/Text/index.tsx","statementMap":{"0":{"start":{"line":1,"column":0},"end":{"line":1,"column":26}},"1":{"start":{"line":2,"column":0},"end":{"line":2,"column":41}},"2":{"start":{"line":6,"column":23},"end":{"line":6,"column":28}},"3":{"start":{"line":7,"column":2},"end":{"line":7,"column":62}},"4":{"start":{"line":5,"column":0},"end":{"line":5,"column":24}}},"fnMap":{"0":{"name":"Text","decl":{"start":{"line":5,"column":24},"end":{"line":5,"column":28}},"loc":{"start":{"line":5,"column":49},"end":{"line":8,"column":1}}}},"branchMap":{},"s":{"0":1,"1":1,"2":5,"3":5,"4":1},"f":{"0":5},"b":{}}
,"/home/fernanda/github/mobile-weather-app/weather-app/src/components/atoms/Text/styles.ts": {"path":"/home/fernanda/github/mobile-weather-app/weather-app/src/components/atoms/Text/styles.ts","statementMap":{"0":{"start":{"line":1,"column":0},"end":{"line":1,"column":55}},"1":{"start":{"line":3,"column":0},"end":{"line":3,"column":59}},"2":{"start":{"line":5,"column":13},"end":{"line":8,"column":2}},"3":{"start":{"line":6,"column":24},"end":{"line":6,"column":88}},"4":{"start":{"line":7,"column":24},"end":{"line":7,"column":42}},"5":{"start":{"line":10,"column":23},"end":{"line":23,"column":null}}},"fnMap":{"0":{"name":"(anonymous_6)","decl":{"start":{"line":6,"column":4},"end":{"line":6,"column":5}},"loc":{"start":{"line":6,"column":24},"end":{"line":6,"column":88}}},"1":{"name":"(anonymous_7)","decl":{"start":{"line":7,"column":11},"end":{"line":7,"column":12}},"loc":{"start":{"line":7,"column":24},"end":{"line":7,"column":42}}}},"branchMap":{"0":{"loc":{"start":{"line":6,"column":24},"end":{"line":6,"column":88}},"type":"cond-expr","locations":[{"start":{"line":6,"column":36},"end":{"line":6,"column":61}},{"start":{"line":6,"column":64},"end":{"line":6,"column":88}}]}},"s":{"0":1,"1":1,"2":1,"3":5,"4":5,"5":1},"f":{"0":5,"1":5},"b":{"0":[0,5]}}
,"/home/fernanda/github/mobile-weather-app/weather-app/src/components/molecules/Dropdown/index.tsx": {"path":"/home/fernanda/github/mobile-weather-app/weather-app/src/components/molecules/Dropdown/index.tsx","statementMap":{"0":{"start":{"line":1,"column":0},"end":{"line":1,"column":50}},"1":{"start":{"line":2,"column":0},"end":{"line":2,"column":70}},"2":{"start":{"line":3,"column":0},"end":{"line":3,"column":89}},"3":{"start":{"line":4,"column":0},"end":{"line":4,"column":30}},"4":{"start":{"line":5,"column":0},"end":{"line":5,"column":34}},"5":{"start":{"line":6,"column":0},"end":{"line":6,"column":36}},"6":{"start":{"line":22,"column":38},"end":{"line":22,"column":53}},"7":{"start":{"line":24,"column":23},"end":{"line":28,"column":null}},"8":{"start":{"line":29,"column":48},"end":{"line":29,"column":68}},"9":{"start":{"line":30,"column":26},"end":{"line":30,"column":40}},"10":{"start":{"line":32,"column":39},"end":{"line":32,"column":44}},"11":{"start":{"line":36,"column":21},"end":{"line":52,"column":5}},"12":{"start":{"line":37,"column":8},"end":{"line":51,"column":null}},"13":{"start":{"line":38,"column":8},"end":{"line":43,"column":null}},"14":{"start":{"line":39,"column":12},"end":{"line":42,"column":null}},"15":{"start":{"line":41,"column":43},"end":{"line":41,"column":104}},"16":{"start":{"line":45,"column":12},"end":{"line":50,"column":null}},"17":{"start":{"line":46,"column":16},"end":{"line":49,"column":null}},"18":{"start":{"line":54,"column":26},"end":{"line":65,"column":5}},"19":{"start":{"line":55,"column":8},"end":{"line":62,"column":null}},"20":{"start":{"line":56,"column":12},"end":{"line":61,"column":null}},"21":{"start":{"line":63,"column":8},"end":{"line":63,"column":33}},"22":{"start":{"line":64,"column":8},"end":{"line":64,"column":28}},"23":{"start":{"line":67,"column":2},"end":{"line":98,"column":null}},"24":{"start":{"line":69,"column":40},"end":{"line":69,"column":64}},"25":{"start":{"line":79,"column":24},"end":{"line":79,"column":null}},"26":{"start":{"line":87,"column":24},"end":{"line":91,"column":null}},"27":{"start":{"line":88,"column":58},"end":{"line":88,"column":84}},"28":{"start":{"line":21,"column":0},"end":{"line":21,"column":16}}},"fnMap":{"0":{"name":"DropdownComponent","decl":{"start":{"line":21,"column":16},"end":{"line":21,"column":33}},"loc":{"start":{"line":21,"column":67},"end":{"line":99,"column":1}}},"1":{"name":"(anonymous_8)","decl":{"start":{"line":32,"column":27},"end":{"line":32,"column":30}},"loc":{"start":{"line":32,"column":32},"end":{"line":32,"column":35}}},"2":{"name":"(anonymous_9)","decl":{"start":{"line":36,"column":21},"end":{"line":36,"column":22}},"loc":{"start":{"line":36,"column":40},"end":{"line":52,"column":5}}},"3":{"name":"(anonymous_10)","decl":{"start":{"line":38,"column":26},"end":{"line":38,"column":35}},"loc":{"start":{"line":38,"column":38},"end":{"line":43,"column":9}}},"4":{"name":"(anonymous_11)","decl":{"start":{"line":41,"column":35},"end":{"line":41,"column":39}},"loc":{"start":{"line":41,"column":43},"end":{"line":41,"column":104}}},"5":{"name":"(anonymous_12)","decl":{"start":{"line":45,"column":30},"end":{"line":45,"column":39}},"loc":{"start":{"line":45,"column":42},"end":{"line":50,"column":13}}},"6":{"name":"(anonymous_13)","decl":{"start":{"line":54,"column":26},"end":{"line":54,"column":27}},"loc":{"start":{"line":54,"column":44},"end":{"line":65,"column":5}}},"7":{"name":"(anonymous_14)","decl":{"start":{"line":55,"column":26},"end":{"line":55,"column":35}},"loc":{"start":{"line":55,"column":38},"end":{"line":62,"column":9}}},"8":{"name":"(anonymous_15)","decl":{"start":{"line":69,"column":34},"end":{"line":69,"column":37}},"loc":{"start":{"line":69,"column":40},"end":{"line":69,"column":64}}},"9":{"name":"(anonymous_16)","decl":{"start":{"line":78,"column":35},"end":{"line":78,"column":38}},"loc":{"start":{"line":78,"column":41},"end":{"line":80,"column":21}}},"10":{"name":"(anonymous_17)","decl":{"start":{"line":86,"column":32},"end":{"line":86,"column":33}},"loc":{"start":{"line":86,"column":50},"end":{"line":92,"column":21}}},"11":{"name":"(anonymous_18)","decl":{"start":{"line":88,"column":52},"end":{"line":88,"column":55}},"loc":{"start":{"line":88,"column":58},"end":{"line":88,"column":84}}}},"branchMap":{"0":{"loc":{"start":{"line":32,"column":12},"end":{"line":32,"column":35}},"type":"default-arg","locations":[{"start":{"line":32,"column":27},"end":{"line":32,"column":35}}]},"1":{"loc":{"start":{"line":37,"column":8},"end":{"line":51,"column":null}},"type":"if","locations":[{"start":{"line":37,"column":8},"end":{"line":51,"column":null}},{"start":{"line":44,"column":15},"end":{"line":51,"column":null}}]},"2":{"loc":{"start":{"line":72,"column":25},"end":{"line":72,"column":71}},"type":"cond-expr","locations":[{"start":{"line":72,"column":37},"end":{"line":72,"column":52}},{"start":{"line":72,"column":54},"end":{"line":72,"column":71}}]},"3":{"loc":{"start":{"line":74,"column":9},"end":{"line":93,"column":null}},"type":"binary-expr","locations":[{"start":{"line":74,"column":9},"end":{"line":74,"column":18}},{"start":{"line":75,"column":12},"end":{"line":93,"column":null}}]}},"s":{"0":1,"1":1,"2":1,"3":1,"4":1,"5":1,"6":2,"7":2,"8":2,"9":2,"10":2,"11":2,"12":0,"13":0,"14":0,"15":0,"16":0,"17":0,"18":2,"19":0,"20":0,"21":0,"22":0,"23":2,"24":1,"25":0,"26":3,"27":0,"28":1},"f":{"0":2,"1":0,"2":0,"3":0,"4":0,"5":0,"6":0,"7":0,"8":1,"9":0,"10":3,"11":0},"b":{"0":[2],"1":[0,0],"2":[1,1],"3":[2,1]}}
,"/home/fernanda/github/mobile-weather-app/weather-app/src/components/molecules/Dropdown/styled.ts": {"path":"/home/fernanda/github/mobile-weather-app/weather-app/src/components/molecules/Dropdown/styled.ts","statementMap":{"0":{"start":{"line":2,"column":0},"end":{"line":2,"column":41}},"1":{"start":{"line":3,"column":0},"end":{"line":3,"column":46}},"2":{"start":{"line":5,"column":13},"end":{"line":7,"column":null}},"3":{"start":{"line":9,"column":13},"end":{"line":15,"column":null}},"4":{"start":{"line":16,"column":13},"end":{"line":23,"column":null}},"5":{"start":{"line":19,"column":44},"end":{"line":19,"column":107}},"6":{"start":{"line":24,"column":13},"end":{"line":26,"column":null}},"7":{"start":{"line":27,"column":13},"end":{"line":29,"column":null}}},"fnMap":{"0":{"name":"(anonymous_1)","decl":{"start":{"line":19,"column":24},"end":{"line":19,"column":25}},"loc":{"start":{"line":19,"column":44},"end":{"line":19,"column":107}}}},"branchMap":{"0":{"loc":{"start":{"line":19,"column":44},"end":{"line":19,"column":107}},"type":"cond-expr","locations":[{"start":{"line":19,"column":62},"end":{"line":19,"column":83}},{"start":{"line":19,"column":86},"end":{"line":19,"column":107}}]}},"s":{"0":1,"1":1,"2":1,"3":1,"4":1,"5":1,"6":1,"7":1},"f":{"0":1},"b":{"0":[0,1]}}
,"/home/fernanda/github/mobile-weather-app/weather-app/src/theme/index.ts": {"path":"/home/fernanda/github/mobile-weather-app/weather-app/src/theme/index.ts","statementMap":{"0":{"start":{"line":1,"column":0},"end":{"line":41,"column":2}}},"fnMap":{},"branchMap":{},"s":{"0":1},"f":{},"b":{}}
}
