{"/home/fernanda/github/mobile-weather-app/weather-app/src/assets/SunCloud.png": {"path":"/home/fernanda/github/mobile-weather-app/weather-app/src/assets/SunCloud.png","statementMap":{"0":{"start":{"line":1,"column":0},"end":{"line":1,"column":19}}},"fnMap":{},"branchMap":{},"s":{"0":1},"f":{},"b":{},"_coverageSchema":"1a1c01bbd47fc00a2c39e90264f33305004495a9","hash":"6fcc167edf4dac461afb5289995093415f002205"}
,"/home/fernanda/github/mobile-weather-app/weather-app/src/assets/SunCloudRain.png": {"path":"/home/fernanda/github/mobile-weather-app/weather-app/src/assets/SunCloudRain.png","statementMap":{"0":{"start":{"line":1,"column":0},"end":{"line":1,"column":19}}},"fnMap":{},"branchMap":{},"s":{"0":1},"f":{},"b":{},"_coverageSchema":"1a1c01bbd47fc00a2c39e90264f33305004495a9","hash":"a1dbbe4c61e33998c575c87ac0e3c113b8d15f04"}
,"/home/fernanda/github/mobile-weather-app/weather-app/src/assets/cloud.png": {"path":"/home/fernanda/github/mobile-weather-app/weather-app/src/assets/cloud.png","statementMap":{"0":{"start":{"line":1,"column":0},"end":{"line":1,"column":19}}},"fnMap":{},"branchMap":{},"s":{"0":1},"f":{},"b":{},"_coverageSchema":"1a1c01bbd47fc00a2c39e90264f33305004495a9","hash":"402662abd134d17ef19239643db96758d773a698"}
,"/home/fernanda/github/mobile-weather-app/weather-app/src/assets/foggy.png": {"path":"/home/fernanda/github/mobile-weather-app/weather-app/src/assets/foggy.png","statementMap":{"0":{"start":{"line":1,"column":0},"end":{"line":1,"column":19}}},"fnMap":{},"branchMap":{},"s":{"0":1},"f":{},"b":{},"_coverageSchema":"1a1c01bbd47fc00a2c39e90264f33305004495a9","hash":"dc0dcda7e7ae2702fd2c984689f24d809375a707"}
,"/home/fernanda/github/mobile-weather-app/weather-app/src/assets/hail.png": {"path":"/home/fernanda/github/mobile-weather-app/weather-app/src/assets/hail.png","statementMap":{"0":{"start":{"line":1,"column":0},"end":{"line":1,"column":19}}},"fnMap":{},"branchMap":{},"s":{"0":1},"f":{},"b":{},"_coverageSchema":"1a1c01bbd47fc00a2c39e90264f33305004495a9","hash":"7c6fd77664ffcacaf9faf9544db8926205720330"}
,"/home/fernanda/github/mobile-weather-app/weather-app/src/assets/moon.png": {"path":"/home/fernanda/github/mobile-weather-app/weather-app/src/assets/moon.png","statementMap":{"0":{"start":{"line":1,"column":0},"end":{"line":1,"column":19}}},"fnMap":{},"branchMap":{},"s":{"0":1},"f":{},"b":{},"_coverageSchema":"1a1c01bbd47fc00a2c39e90264f33305004495a9","hash":"99c12967c0b66339a681ad711fd6e50b872d0a48"}
,"/home/fernanda/github/mobile-weather-app/weather-app/src/assets/moonCloud.png": {"path":"/home/fernanda/github/mobile-weather-app/weather-app/src/assets/moonCloud.png","statementMap":{"0":{"start":{"line":1,"column":0},"end":{"line":1,"column":19}}},"fnMap":{},"branchMap":{},"s":{"0":1},"f":{},"b":{},"_coverageSchema":"1a1c01bbd47fc00a2c39e90264f33305004495a9","hash":"80c463ca60c3f3db58341a5a8edc3c009e03ab53"}
,"/home/fernanda/github/mobile-weather-app/weather-app/src/assets/rain.png": {"path":"/home/fernanda/github/mobile-weather-app/weather-app/src/assets/rain.png","statementMap":{"0":{"start":{"line":1,"column":0},"end":{"line":1,"column":19}}},"fnMap":{},"branchMap":{},"s":{"0":1},"f":{},"b":{},"_coverageSchema":"1a1c01bbd47fc00a2c39e90264f33305004495a9","hash":"c11e6134bdc79974226f6b54956c8e7be69a3bff"}
,"/home/fernanda/github/mobile-weather-app/weather-app/src/assets/snow.png": {"path":"/home/fernanda/github/mobile-weather-app/weather-app/src/assets/snow.png","statementMap":{"0":{"start":{"line":1,"column":0},"end":{"line":1,"column":19}}},"fnMap":{},"branchMap":{},"s":{"0":1},"f":{},"b":{},"_coverageSchema":"1a1c01bbd47fc00a2c39e90264f33305004495a9","hash":"9e5fd0616661bd8e8333182d5c4145704c992149"}
,"/home/fernanda/github/mobile-weather-app/weather-app/src/assets/sun.png": {"path":"/home/fernanda/github/mobile-weather-app/weather-app/src/assets/sun.png","statementMap":{"0":{"start":{"line":1,"column":0},"end":{"line":1,"column":19}}},"fnMap":{},"branchMap":{},"s":{"0":1},"f":{},"b":{},"_coverageSchema":"1a1c01bbd47fc00a2c39e90264f33305004495a9","hash":"329d3ef982b5f598caa3e155c4ae4adb3990c88e"}
,"/home/fernanda/github/mobile-weather-app/weather-app/src/assets/thunder.png": {"path":"/home/fernanda/github/mobile-weather-app/weather-app/src/assets/thunder.png","statementMap":{"0":{"start":{"line":1,"column":0},"end":{"line":1,"column":19}}},"fnMap":{},"branchMap":{},"s":{"0":1},"f":{},"b":{},"_coverageSchema":"1a1c01bbd47fc00a2c39e90264f33305004495a9","hash":"ec15c8df29798adc11351e20e24aea9f067b87bd"}
,"/home/fernanda/github/mobile-weather-app/weather-app/src/components/atoms/Icon/index.tsx": {"path":"/home/fernanda/github/mobile-weather-app/weather-app/src/components/atoms/Icon/index.tsx","statementMap":{"0":{"start":{"line":15,"column":4},"end":{"line":24,"column":5}}},"fnMap":{"0":{"name":"Icon","decl":{"start":{"line":13,"column":16},"end":{"line":13,"column":20}},"loc":{"start":{"line":13,"column":103},"end":{"line":25,"column":1}},"line":13}},"branchMap":{"0":{"loc":{"start":{"line":13,"column":22},"end":{"line":13,"column":46}},"type":"default-arg","locations":[{"start":{"line":13,"column":28},"end":{"line":13,"column":46}}],"line":13},"1":{"loc":{"start":{"line":13,"column":47},"end":{"line":13,"column":54}},"type":"default-arg","locations":[{"start":{"line":13,"column":52},"end":{"line":13,"column":54}}],"line":13},"2":{"loc":{"start":{"line":13,"column":62},"end":{"line":13,"column":76}},"type":"default-arg","locations":[{"start":{"line":13,"column":67},"end":{"line":13,"column":76}}],"line":13}},"s":{"0":1},"f":{"0":1},"b":{"0":[1],"1":[1],"2":[1]},"_coverageSchema":"1a1c01bbd47fc00a2c39e90264f33305004495a9","hash":"6f17e15a73f58e4e152743080aec2436fb08a4d5"}
,"/home/fernanda/github/mobile-weather-app/weather-app/src/components/atoms/Icon/styles.ts": {"path":"/home/fernanda/github/mobile-weather-app/weather-app/src/components/atoms/Icon/styles.ts","statementMap":{"0":{"start":{"line":13,"column":25},"end":{"line":18,"column":1}},"1":{"start":{"line":20,"column":29},"end":{"line":23,"column":5}},"2":{"start":{"line":20,"column":91},"end":{"line":23,"column":1}}},"fnMap":{"0":{"name":"(anonymous_0)","decl":{"start":{"line":20,"column":64},"end":{"line":20,"column":65}},"loc":{"start":{"line":20,"column":91},"end":{"line":23,"column":1}},"line":20}},"branchMap":{},"s":{"0":1,"1":1,"2":1},"f":{"0":1},"b":{},"_coverageSchema":"1a1c01bbd47fc00a2c39e90264f33305004495a9","hash":"4d5d3da1742f9e453d197a76799f2f1e5fab0fb4"}
,"/home/fernanda/github/mobile-weather-app/weather-app/src/components/atoms/Image/index.tsx": {"path":"/home/fernanda/github/mobile-weather-app/weather-app/src/components/atoms/Image/index.tsx","statementMap":{"0":{"start":{"line":33,"column":19},"end":{"line":47,"column":5}},"1":{"start":{"line":49,"column":27},"end":{"line":54,"column":5}},"2":{"start":{"line":56,"column":38},"end":{"line":56,"column":43}},"3":{"start":{"line":58,"column":20},"end":{"line":58,"column":54}},"4":{"start":{"line":60,"column":119},"end":{"line":60,"column":124}},"5":{"start":{"line":62,"column":4},"end":{"line":70,"column":6}}},"fnMap":{"0":{"name":"Image","decl":{"start":{"line":32,"column":25},"end":{"line":32,"column":30}},"loc":{"start":{"line":32,"column":54},"end":{"line":71,"column":3}},"line":32}},"branchMap":{"0":{"loc":{"start":{"line":56,"column":11},"end":{"line":56,"column":34}},"type":"default-arg","locations":[{"start":{"line":56,"column":23},"end":{"line":56,"column":34}}],"line":56},"1":{"loc":{"start":{"line":60,"column":18},"end":{"line":60,"column":65}},"type":"default-arg","locations":[{"start":{"line":60,"column":27},"end":{"line":60,"column":65}}],"line":60},"2":{"loc":{"start":{"line":60,"column":27},"end":{"line":60,"column":65}},"type":"cond-expr","locations":[{"start":{"line":60,"column":38},"end":{"line":60,"column":50}},{"start":{"line":60,"column":53},"end":{"line":60,"column":65}}],"line":60},"3":{"loc":{"start":{"line":60,"column":67},"end":{"line":60,"column":89}},"type":"default-arg","locations":[{"start":{"line":60,"column":80},"end":{"line":60,"column":89}}],"line":60},"4":{"loc":{"start":{"line":60,"column":91},"end":{"line":60,"column":101}},"type":"default-arg","locations":[{"start":{"line":60,"column":99},"end":{"line":60,"column":101}}],"line":60},"5":{"loc":{"start":{"line":60,"column":103},"end":{"line":60,"column":114}},"type":"default-arg","locations":[{"start":{"line":60,"column":112},"end":{"line":60,"column":114}}],"line":60},"6":{"loc":{"start":{"line":67,"column":16},"end":{"line":67,"column":93}},"type":"cond-expr","locations":[{"start":{"line":67,"column":23},"end":{"line":67,"column":36}},{"start":{"line":67,"column":39},"end":{"line":67,"column":93}}],"line":67},"7":{"loc":{"start":{"line":67,"column":39},"end":{"line":67,"column":93}},"type":"cond-expr","locations":[{"start":{"line":67,"column":48},"end":{"line":67,"column":54}},{"start":{"line":67,"column":57},"end":{"line":67,"column":93}}],"line":67},"8":{"loc":{"start":{"line":67,"column":57},"end":{"line":67,"column":93}},"type":"cond-expr","locations":[{"start":{"line":67,"column":66},"end":{"line":67,"column":78}},{"start":{"line":67,"column":81},"end":{"line":67,"column":93}}],"line":67}},"s":{"0":0,"1":0,"2":0,"3":0,"4":0,"5":0},"f":{"0":0},"b":{"0":[0],"1":[0],"2":[0,0],"3":[0],"4":[0],"5":[0],"6":[0,0],"7":[0,0],"8":[0,0]},"_coverageSchema":"1a1c01bbd47fc00a2c39e90264f33305004495a9","hash":"aef34c73776717fa541f989aa1b361c120496342"}
,"/home/fernanda/github/mobile-weather-app/weather-app/src/components/atoms/Image/styles.ts": {"path":"/home/fernanda/github/mobile-weather-app/weather-app/src/components/atoms/Image/styles.ts","statementMap":{"0":{"start":{"line":6,"column":30},"end":{"line":22,"column":1}},"1":{"start":{"line":8,"column":4},"end":{"line":11,"column":5}},"2":{"start":{"line":13,"column":4},"end":{"line":16,"column":5}},"3":{"start":{"line":18,"column":4},"end":{"line":21,"column":5}}},"fnMap":{"0":{"name":"(anonymous_0)","decl":{"start":{"line":7,"column":4},"end":{"line":7,"column":5}},"loc":{"start":{"line":8,"column":4},"end":{"line":11,"column":5}},"line":8},"1":{"name":"(anonymous_1)","decl":{"start":{"line":12,"column":4},"end":{"line":12,"column":5}},"loc":{"start":{"line":13,"column":4},"end":{"line":16,"column":5}},"line":13},"2":{"name":"(anonymous_2)","decl":{"start":{"line":17,"column":4},"end":{"line":17,"column":5}},"loc":{"start":{"line":18,"column":4},"end":{"line":21,"column":5}},"line":18}},"branchMap":{"0":{"loc":{"start":{"line":8,"column":4},"end":{"line":11,"column":5}},"type":"binary-expr","locations":[{"start":{"line":8,"column":4},"end":{"line":8,"column":9}},{"start":{"line":9,"column":4},"end":{"line":11,"column":5}}],"line":8},"1":{"loc":{"start":{"line":13,"column":4},"end":{"line":16,"column":5}},"type":"binary-expr","locations":[{"start":{"line":13,"column":4},"end":{"line":13,"column":10}},{"start":{"line":14,"column":4},"end":{"line":16,"column":5}}],"line":13},"2":{"loc":{"start":{"line":18,"column":4},"end":{"line":21,"column":5}},"type":"binary-expr","locations":[{"start":{"line":18,"column":4},"end":{"line":18,"column":10}},{"start":{"line":19,"column":4},"end":{"line":21,"column":5}}],"line":18}},"s":{"0":1,"1":0,"2":0,"3":0},"f":{"0":0,"1":0,"2":0},"b":{"0":[0,0],"1":[0,0],"2":[0,0]},"_coverageSchema":"1a1c01bbd47fc00a2c39e90264f33305004495a9","hash":"8b168cb4a75bf4a82f0716ff35a326f866c30388"}
,"/home/fernanda/github/mobile-weather-app/weather-app/src/components/atoms/Text/index.tsx": {"path":"/home/fernanda/github/mobile-weather-app/weather-app/src/components/atoms/Text/index.tsx","statementMap":{"0":{"start":{"line":6,"column":23},"end":{"line":6,"column":28}},"1":{"start":{"line":7,"column":2},"end":{"line":7,"column":62}}},"fnMap":{"0":{"name":"Text","decl":{"start":{"line":5,"column":24},"end":{"line":5,"column":28}},"loc":{"start":{"line":5,"column":51},"end":{"line":8,"column":1}},"line":5}},"branchMap":{},"s":{"0":0,"1":0},"f":{"0":0},"b":{},"_coverageSchema":"1a1c01bbd47fc00a2c39e90264f33305004495a9","hash":"21f6c3ae81a24cb70d494fe336c403ab5f776123"}
,"/home/fernanda/github/mobile-weather-app/weather-app/src/components/atoms/Text/styles.ts": {"path":"/home/fernanda/github/mobile-weather-app/weather-app/src/components/atoms/Text/styles.ts","statementMap":{"0":{"start":{"line":5,"column":29},"end":{"line":8,"column":1}},"1":{"start":{"line":6,"column":24},"end":{"line":6,"column":88}},"2":{"start":{"line":7,"column":24},"end":{"line":7,"column":42}},"3":{"start":{"line":10,"column":23},"end":{"line":23,"column":1}}},"fnMap":{"0":{"name":"(anonymous_0)","decl":{"start":{"line":6,"column":4},"end":{"line":6,"column":5}},"loc":{"start":{"line":6,"column":24},"end":{"line":6,"column":88}},"line":6},"1":{"name":"(anonymous_1)","decl":{"start":{"line":7,"column":11},"end":{"line":7,"column":12}},"loc":{"start":{"line":7,"column":24},"end":{"line":7,"column":42}},"line":7}},"branchMap":{"0":{"loc":{"start":{"line":6,"column":24},"end":{"line":6,"column":88}},"type":"cond-expr","locations":[{"start":{"line":6,"column":36},"end":{"line":6,"column":61}},{"start":{"line":6,"column":64},"end":{"line":6,"column":88}}],"line":6}},"s":{"0":1,"1":0,"2":0,"3":1},"f":{"0":0,"1":0},"b":{"0":[0,0]},"_coverageSchema":"1a1c01bbd47fc00a2c39e90264f33305004495a9","hash":"ae44ce32d40236ab5446dcec4c30b4312173aabc"}
,"/home/fernanda/github/mobile-weather-app/weather-app/src/components/molecules/ButtonIcon/index.tsx": {"path":"/home/fernanda/github/mobile-weather-app/weather-app/src/components/molecules/ButtonIcon/index.tsx","statementMap":{"0":{"start":{"line":24,"column":4},"end":{"line":43,"column":5}}},"fnMap":{"0":{"name":"ButtonIcon","decl":{"start":{"line":22,"column":16},"end":{"line":22,"column":26}},"loc":{"start":{"line":22,"column":158},"end":{"line":44,"column":1}},"line":22}},"branchMap":{"0":{"loc":{"start":{"line":22,"column":79},"end":{"line":22,"column":93}},"type":"default-arg","locations":[{"start":{"line":22,"column":84},"end":{"line":22,"column":93}}],"line":22},"1":{"loc":{"start":{"line":26,"column":13},"end":{"line":28,"column":13}},"type":"binary-expr","locations":[{"start":{"line":26,"column":13},"end":{"line":26,"column":19}},{"start":{"line":27,"column":16},"end":{"line":27,"column":52}}],"line":26},"2":{"loc":{"start":{"line":29,"column":13},"end":{"line":30,"column":36}},"type":"binary-expr","locations":[{"start":{"line":29,"column":13},"end":{"line":29,"column":23}},{"start":{"line":30,"column":12},"end":{"line":30,"column":36}}],"line":29},"3":{"loc":{"start":{"line":33,"column":13},"end":{"line":35,"column":13}},"type":"binary-expr","locations":[{"start":{"line":33,"column":13},"end":{"line":33,"column":17}},{"start":{"line":34,"column":16},"end":{"line":34,"column":50}}],"line":33},"4":{"loc":{"start":{"line":36,"column":13},"end":{"line":38,"column":13}},"type":"binary-expr","locations":[{"start":{"line":36,"column":13},"end":{"line":36,"column":28}},{"start":{"line":37,"column":16},"end":{"line":37,"column":44}}],"line":36},"5":{"loc":{"start":{"line":39,"column":13},"end":{"line":41,"column":13}},"type":"binary-expr","locations":[{"start":{"line":39,"column":13},"end":{"line":39,"column":21}},{"start":{"line":40,"column":16},"end":{"line":40,"column":54}}],"line":39}},"s":{"0":1},"f":{"0":1},"b":{"0":[1],"1":[1,0],"2":[1,0],"3":[1,0],"4":[1,0],"5":[1,0]},"_coverageSchema":"1a1c01bbd47fc00a2c39e90264f33305004495a9","hash":"6858822128606f55bca69cd7e261712eb82034cf"}
,"/home/fernanda/github/mobile-weather-app/weather-app/src/components/molecules/ButtonIcon/styles.ts": {"path":"/home/fernanda/github/mobile-weather-app/weather-app/src/components/molecules/ButtonIcon/styles.ts","statementMap":{"0":{"start":{"line":14,"column":25},"end":{"line":20,"column":1}},"1":{"start":{"line":16,"column":23},"end":{"line":16,"column":93}},"2":{"start":{"line":22,"column":20},"end":{"line":25,"column":5}},"3":{"start":{"line":22,"column":81},"end":{"line":25,"column":1}},"4":{"start":{"line":27,"column":27},"end":{"line":34,"column":3}}},"fnMap":{"0":{"name":"(anonymous_0)","decl":{"start":{"line":16,"column":6},"end":{"line":16,"column":7}},"loc":{"start":{"line":16,"column":23},"end":{"line":16,"column":93}},"line":16},"1":{"name":"(anonymous_1)","decl":{"start":{"line":22,"column":55},"end":{"line":22,"column":56}},"loc":{"start":{"line":22,"column":81},"end":{"line":25,"column":1}},"line":22}},"branchMap":{"0":{"loc":{"start":{"line":16,"column":23},"end":{"line":16,"column":93}},"type":"cond-expr","locations":[{"start":{"line":16,"column":32},"end":{"line":16,"column":58}},{"start":{"line":16,"column":61},"end":{"line":16,"column":93}}],"line":16},"1":{"loc":{"start":{"line":24,"column":11},"end":{"line":24,"column":69}},"type":"cond-expr","locations":[{"start":{"line":24,"column":32},"end":{"line":24,"column":50}},{"start":{"line":24,"column":53},"end":{"line":24,"column":69}}],"line":24}},"s":{"0":1,"1":1,"2":1,"3":0,"4":1},"f":{"0":1,"1":0},"b":{"0":[0,1],"1":[0,0]},"_coverageSchema":"1a1c01bbd47fc00a2c39e90264f33305004495a9","hash":"e49561bc8bfeb1367cb1d95f605231310f1fb23a"}
,"/home/fernanda/github/mobile-weather-app/weather-app/src/theme/index.ts": {"path":"/home/fernanda/github/mobile-weather-app/weather-app/src/theme/index.ts","statementMap":{},"fnMap":{},"branchMap":{},"s":{},"f":{},"b":{},"_coverageSchema":"1a1c01bbd47fc00a2c39e90264f33305004495a9","hash":"fb2c500c155583b73c38ccbf49a3dbbe77f5d9d0"}
}
