TN:
SF:src/components/atoms/Icon/index.tsx
FN:14,Icon
FNF:1
FNH:1
FNDA:4,Icon
DA:1,1
DA:3,1
DA:5,1
DA:14,1
DA:16,4
LF:5
LH:5
BRDA:14,0,0,4
BRDA:14,1,0,2
BRDA:14,2,0,4
BRF:3
BRH:3
end_of_record
TN:
SF:src/components/atoms/Icon/styles.ts
FN:20,(anonymous_1)
FNF:1
FNH:1
FNDA:4,(anonymous_1)
DA:1,1
DA:2,1
DA:3,1
DA:13,1
DA:20,4
LF:5
LH:5
BRF:0
BRH:0
end_of_record
TN:
SF:src/components/atoms/Input/index.tsx
FN:10,Input
FNF:1
FNH:1
FNDA:1,Input
DA:1,1
DA:3,1
DA:4,1
DA:10,1
DA:11,1
DA:13,1
LF:6
LH:6
BRF:0
BRH:0
end_of_record
TN:
SF:src/components/atoms/Input/styles.ts
FN:8,(anonymous_6)
FNF:1
FNH:1
FNDA:1,(anonymous_6)
DA:1,1
DA:2,1
DA:4,1
DA:8,1
LF:4
LH:4
BRF:0
BRH:0
end_of_record
TN:
SF:src/components/atoms/Text/index.tsx
FN:5,Text
FNF:1
FNH:1
FNDA:5,Text
DA:1,1
DA:2,1
DA:5,1
DA:6,5
DA:7,5
LF:5
LH:5
BRF:0
BRH:0
end_of_record
TN:
SF:src/components/atoms/Text/styles.ts
FN:6,(anonymous_6)
FN:7,(anonymous_7)
FNF:2
FNH:2
FNDA:5,(anonymous_6)
FNDA:5,(anonymous_7)
DA:1,1
DA:3,1
DA:5,1
DA:6,5
DA:7,5
DA:10,1
LF:6
LH:6
BRDA:6,0,0,0
BRDA:6,0,1,5
BRF:2
BRH:1
end_of_record
TN:
SF:src/components/molecules/Dropdown/index.tsx
FN:21,DropdownComponent
FN:32,(anonymous_8)
FN:36,(anonymous_9)
FN:38,(anonymous_10)
FN:41,(anonymous_11)
FN:45,(anonymous_12)
FN:54,(anonymous_13)
FN:55,(anonymous_14)
FN:69,(anonymous_15)
FN:78,(anonymous_16)
FN:86,(anonymous_17)
FN:88,(anonymous_18)
FNF:12
FNH:3
FNDA:2,DropdownComponent
FNDA:0,(anonymous_8)
FNDA:0,(anonymous_9)
FNDA:0,(anonymous_10)
FNDA:0,(anonymous_11)
FNDA:0,(anonymous_12)
FNDA:0,(anonymous_13)
FNDA:0,(anonymous_14)
FNDA:1,(anonymous_15)
FNDA:0,(anonymous_16)
FNDA:3,(anonymous_17)
FNDA:0,(anonymous_18)
DA:1,1
DA:2,1
DA:3,1
DA:4,1
DA:5,1
DA:6,1
DA:21,1
DA:22,2
DA:24,2
DA:29,2
DA:30,2
DA:32,2
DA:36,2
DA:37,0
DA:38,0
DA:39,0
DA:41,0
DA:45,0
DA:46,0
DA:54,2
DA:55,0
DA:56,0
DA:63,0
DA:64,0
DA:67,2
DA:69,1
DA:79,0
DA:87,3
DA:88,0
LF:29
LH:17
BRDA:32,0,0,2
BRDA:37,1,0,0
BRDA:37,1,1,0
BRDA:72,2,0,1
BRDA:72,2,1,1
BRDA:74,3,0,2
BRDA:74,3,1,1
BRF:7
BRH:5
end_of_record
TN:
SF:src/components/molecules/Dropdown/styled.ts
FN:19,(anonymous_1)
FNF:1
FNH:1
FNDA:1,(anonymous_1)
DA:2,1
DA:3,1
DA:5,1
DA:9,1
DA:16,1
DA:19,1
DA:24,1
DA:27,1
LF:8
LH:8
BRDA:19,0,0,0
BRDA:19,0,1,1
BRF:2
BRH:1
end_of_record
TN:
SF:src/theme/index.ts
FNF:0
FNH:0
DA:1,1
LF:1
LH:1
BRF:0
BRH:0
end_of_record
